150123 23:43:18 mysqld_safe Starting mysqld.bin daemon with databases from /Applications/BitNami/mysql/data
150123 23:43:18 [Note] Plugin 'FEDERATED' is disabled.
150123 23:43:18 InnoDB: The InnoDB memory heap is disabled
150123 23:43:18 InnoDB: Mutexes and rw_locks use GCC atomic builtins
150123 23:43:18 InnoDB: Compressed tables use zlib 1.2.3
150123 23:43:18 InnoDB: Initializing buffer pool, size = 128.0M
150123 23:43:18 InnoDB: Completed initialization of buffer pool
InnoDB: The first specified data file ./ibdata1 did not exist:
InnoDB: a new database to be created!
150123 23:43:18  InnoDB: Setting file ./ibdata1 size to 10 MB
InnoDB: Database physically writes the file full: wait...
150123 23:43:18  InnoDB: Log file ./ib_logfile0 did not exist: new to be created
InnoDB: Setting log file ./ib_logfile0 size to 5 MB
InnoDB: Database physically writes the file full: wait...
150123 23:43:19  InnoDB: Log file ./ib_logfile1 did not exist: new to be created
InnoDB: Setting log file ./ib_logfile1 size to 5 MB
InnoDB: Database physically writes the file full: wait...
InnoDB: Doublewrite buffer not found: creating new
InnoDB: Doublewrite buffer created
InnoDB: 127 rollback segment(s) active.
InnoDB: Creating foreign key constraint system tables
InnoDB: Foreign key constraint system tables created
150123 23:43:20  InnoDB: Waiting for the background threads to start
150123 23:43:21 InnoDB: 5.5.40 started; log sequence number 0
150123 23:43:21 [Note] Server hostname (bind-address): '127.0.0.1'; port: 3306
150123 23:43:21 [Note]   - '127.0.0.1' resolves to '127.0.0.1';
150123 23:43:21 [Note] Server socket created on IP: '127.0.0.1'.
150123 23:43:21 [Note] Event Scheduler: Loaded 0 events
150123 23:43:21 [Note] /Applications/BitNami/mysql/bin/mysqld.bin: ready for connections.
Version: '5.5.40'  socket: '/Applications/BitNami/mysql/tmp/mysql.sock'  port: 3306  MySQL Community Server (GPL)
